INFO: 2018-05-16 17:25:16,610: load_common.py:73 * start create the table : multithread_qps
INFO: 2018-05-16 17:25:16,740: load_common.py:76 * create the table multithread_qps sucess~~
INFO: 2018-05-16 17:25:16,740: load_common.py:99 * start truncate the sql
INFO: 2018-05-16 17:25:16,782: load_common.py:102 * truncate multithread_qps success!!!
INFO: 2018-05-16 17:25:16,782: load_common.py:86 * start instert the sql
INFO: 2018-05-16 17:25:16,881: load_common.py:89 * insert into multithread_qps success!!!
INFO: 2018-05-16 17:25:16,881: load_common.py:86 * start instert the sql
ERROR: 2018-05-16 17:25:16,914: load_common.py:91 * insert into multithread_qps failed!!!
INFO: 2018-05-16 17:25:16,915: load_common.py:86 * start instert the sql
ERROR: 2018-05-16 17:25:16,948: load_common.py:91 * insert into multithread_qps failed!!!
INFO: 2018-05-16 17:25:16,948: load_common.py:86 * start instert the sql
ERROR: 2018-05-16 17:25:17,098: load_common.py:91 * insert into multithread_qps failed!!!
INFO: 2018-05-16 17:25:17,098: load_common.py:86 * start instert the sql
ERROR: 2018-05-16 17:25:17,132: load_common.py:91 * insert into multithread_qps failed!!!
INFO: 2018-05-16 17:25:17,132: load_common.py:86 * start instert the sql
ERROR: 2018-05-16 17:25:17,165: load_common.py:91 * insert into multithread_qps failed!!!
INFO: 2018-05-16 17:25:17,165: load_common.py:86 * start instert the sql
ERROR: 2018-05-16 17:25:17,199: load_common.py:91 * insert into multithread_qps failed!!!
INFO: 2018-05-16 17:25:17,199: load_common.py:86 * start instert the sql
ERROR: 2018-05-16 17:25:17,232: load_common.py:91 * insert into multithread_qps failed!!!
INFO: 2018-05-16 17:25:17,232: load_common.py:86 * start instert the sql
ERROR: 2018-05-16 17:25:17,266: load_common.py:91 * insert into multithread_qps failed!!!
INFO: 2018-05-16 17:25:17,266: load_common.py:86 * start instert the sql
ERROR: 2018-05-16 17:25:17,299: load_common.py:91 * insert into multithread_qps failed!!!
INFO: 2018-05-16 17:25:17,299: load_common.py:86 * start instert the sql
ERROR: 2018-05-16 17:25:17,333: load_common.py:91 * insert into multithread_qps failed!!!
INFO: 2018-05-16 17:25:17,333: load_common.py:86 * start instert the sql
ERROR: 2018-05-16 17:25:17,366: load_common.py:91 * insert into multithread_qps failed!!!
INFO: 2018-05-16 17:25:17,366: load_common.py:86 * start instert the sql
ERROR: 2018-05-16 17:25:17,400: load_common.py:91 * insert into multithread_qps failed!!!
INFO: 2018-05-16 17:25:17,400: load_common.py:86 * start instert the sql
ERROR: 2018-05-16 17:25:17,433: load_common.py:91 * insert into multithread_qps failed!!!
INFO: 2018-05-16 17:25:17,433: load_common.py:86 * start instert the sql
ERROR: 2018-05-16 17:25:17,466: load_common.py:91 * insert into multithread_qps failed!!!
INFO: 2018-05-16 17:25:17,467: load_common.py:86 * start instert the sql
ERROR: 2018-05-16 17:25:17,500: load_common.py:91 * insert into multithread_qps failed!!!
INFO: 2018-05-16 17:25:17,500: load_common.py:86 * start instert the sql
ERROR: 2018-05-16 17:25:17,533: load_common.py:91 * insert into multithread_qps failed!!!
INFO: 2018-05-16 17:25:17,534: load_common.py:86 * start instert the sql
ERROR: 2018-05-16 17:25:17,584: load_common.py:91 * insert into multithread_qps failed!!!
INFO: 2018-05-16 17:25:17,584: load_common.py:86 * start instert the sql
ERROR: 2018-05-16 17:25:17,617: load_common.py:91 * insert into multithread_qps failed!!!
INFO: 2018-05-16 17:25:17,618: load_common.py:86 * start instert the sql
ERROR: 2018-05-16 17:25:17,651: load_common.py:91 * insert into multithread_qps failed!!!
INFO: 2018-05-16 17:25:17,651: load_common.py:86 * start instert the sql
ERROR: 2018-05-16 17:25:17,684: load_common.py:91 * insert into multithread_qps failed!!!
INFO: 2018-05-16 17:25:17,685: load_common.py:86 * start instert the sql
ERROR: 2018-05-16 17:25:17,718: load_common.py:91 * insert into multithread_qps failed!!!
INFO: 2018-05-16 17:25:17,718: load_common.py:86 * start instert the sql
ERROR: 2018-05-16 17:25:17,751: load_common.py:91 * insert into multithread_qps failed!!!
INFO: 2018-05-16 17:25:17,751: load_common.py:86 * start instert the sql
ERROR: 2018-05-16 17:25:17,785: load_common.py:91 * insert into multithread_qps failed!!!
INFO: 2018-05-16 17:25:17,785: load_common.py:86 * start instert the sql
ERROR: 2018-05-16 17:25:17,835: load_common.py:91 * insert into multithread_qps failed!!!
INFO: 2018-05-16 17:25:17,835: load_common.py:86 * start instert the sql
ERROR: 2018-05-16 17:25:17,877: load_common.py:91 * insert into multithread_qps failed!!!
INFO: 2018-05-16 17:25:17,877: load_common.py:86 * start instert the sql
ERROR: 2018-05-16 17:25:17,902: load_common.py:91 * insert into multithread_qps failed!!!
INFO: 2018-05-16 17:25:17,902: load_common.py:86 * start instert the sql
ERROR: 2018-05-16 17:25:17,927: load_common.py:91 * insert into multithread_qps failed!!!
INFO: 2018-05-16 17:25:17,928: load_common.py:86 * start instert the sql
ERROR: 2018-05-16 17:25:17,961: load_common.py:91 * insert into multithread_qps failed!!!
INFO: 2018-05-16 17:25:17,961: load_common.py:86 * start instert the sql
ERROR: 2018-05-16 17:25:17,986: load_common.py:91 * insert into multithread_qps failed!!!
INFO: 2018-05-16 17:25:17,986: load_common.py:86 * start instert the sql
ERROR: 2018-05-16 17:25:18,028: load_common.py:91 * insert into multithread_qps failed!!!
INFO: 2018-05-16 17:25:18,028: load_common.py:86 * start instert the sql
ERROR: 2018-05-16 17:25:18,061: load_common.py:91 * insert into multithread_qps failed!!!
INFO: 2018-05-16 17:25:18,062: load_common.py:86 * start instert the sql
ERROR: 2018-05-16 17:25:18,095: load_common.py:91 * insert into multithread_qps failed!!!
INFO: 2018-05-16 17:25:18,095: load_common.py:86 * start instert the sql
ERROR: 2018-05-16 17:25:18,128: load_common.py:91 * insert into multithread_qps failed!!!
INFO: 2018-05-16 17:27:17,119: load_common.py:73 * start create the table : multithread_qps
INFO: 2018-05-16 17:27:17,338: load_common.py:76 * create the table multithread_qps sucess~~
INFO: 2018-05-16 17:27:17,338: load_common.py:99 * start truncate the sql
INFO: 2018-05-16 17:27:17,388: load_common.py:102 * truncate multithread_qps success!!!
INFO: 2018-05-16 17:27:17,388: load_common.py:86 * start instert the sql
INFO: 2018-05-16 17:27:17,472: load_common.py:89 * insert into multithread_qps success!!!
INFO: 2018-05-16 17:27:17,472: load_common.py:86 * start instert the sql
INFO: 2018-05-16 17:27:17,556: load_common.py:89 * insert into multithread_qps success!!!
INFO: 2018-05-16 17:27:17,556: load_common.py:86 * start instert the sql
INFO: 2018-05-16 17:27:17,639: load_common.py:89 * insert into multithread_qps success!!!
INFO: 2018-05-16 17:27:17,639: load_common.py:86 * start instert the sql
INFO: 2018-05-16 17:27:17,739: load_common.py:89 * insert into multithread_qps success!!!
INFO: 2018-05-16 17:27:17,739: load_common.py:86 * start instert the sql
INFO: 2018-05-16 17:27:17,823: load_common.py:89 * insert into multithread_qps success!!!
INFO: 2018-05-16 17:27:17,823: load_common.py:86 * start instert the sql
INFO: 2018-05-16 17:27:17,906: load_common.py:89 * insert into multithread_qps success!!!
INFO: 2018-05-16 17:27:17,907: load_common.py:86 * start instert the sql
INFO: 2018-05-16 17:27:17,990: load_common.py:89 * insert into multithread_qps success!!!
INFO: 2018-05-16 17:27:17,990: load_common.py:86 * start instert the sql
INFO: 2018-05-16 17:27:18,132: load_common.py:89 * insert into multithread_qps success!!!
INFO: 2018-05-16 17:27:18,132: load_common.py:86 * start instert the sql
INFO: 2018-05-16 17:27:18,216: load_common.py:89 * insert into multithread_qps success!!!
INFO: 2018-05-16 17:27:18,216: load_common.py:86 * start instert the sql
INFO: 2018-05-16 17:27:18,299: load_common.py:89 * insert into multithread_qps success!!!
INFO: 2018-05-16 17:27:18,299: load_common.py:86 * start instert the sql
INFO: 2018-05-16 17:27:18,383: load_common.py:89 * insert into multithread_qps success!!!
INFO: 2018-05-16 17:27:18,383: load_common.py:86 * start instert the sql
INFO: 2018-05-16 17:27:18,466: load_common.py:89 * insert into multithread_qps success!!!
INFO: 2018-05-16 17:27:18,466: load_common.py:86 * start instert the sql
INFO: 2018-05-16 17:27:18,533: load_common.py:89 * insert into multithread_qps success!!!
INFO: 2018-05-16 17:27:18,533: load_common.py:86 * start instert the sql
INFO: 2018-05-16 17:27:18,600: load_common.py:89 * insert into multithread_qps success!!!
INFO: 2018-05-16 17:27:18,600: load_common.py:86 * start instert the sql
INFO: 2018-05-16 17:27:18,793: load_common.py:89 * insert into multithread_qps success!!!
INFO: 2018-05-16 17:27:18,793: load_common.py:86 * start instert the sql
INFO: 2018-05-16 17:27:18,884: load_common.py:89 * insert into multithread_qps success!!!
INFO: 2018-05-16 17:27:18,884: load_common.py:86 * start instert the sql
INFO: 2018-05-16 17:27:18,960: load_common.py:89 * insert into multithread_qps success!!!
INFO: 2018-05-16 17:27:18,960: load_common.py:86 * start instert the sql
INFO: 2018-05-16 17:27:19,060: load_common.py:89 * insert into multithread_qps success!!!
INFO: 2018-05-16 17:27:19,060: load_common.py:86 * start instert the sql
INFO: 2018-05-16 17:27:19,160: load_common.py:89 * insert into multithread_qps success!!!
INFO: 2018-05-16 17:27:19,160: load_common.py:86 * start instert the sql
INFO: 2018-05-16 17:27:19,235: load_common.py:89 * insert into multithread_qps success!!!
INFO: 2018-05-16 17:27:19,235: load_common.py:86 * start instert the sql
INFO: 2018-05-16 17:27:19,311: load_common.py:89 * insert into multithread_qps success!!!
INFO: 2018-05-16 17:27:19,311: load_common.py:86 * start instert the sql
INFO: 2018-05-16 17:27:19,386: load_common.py:89 * insert into multithread_qps success!!!
INFO: 2018-05-16 17:27:19,386: load_common.py:86 * start instert the sql
INFO: 2018-05-16 17:27:19,461: load_common.py:89 * insert into multithread_qps success!!!
INFO: 2018-05-16 17:27:19,461: load_common.py:86 * start instert the sql
INFO: 2018-05-16 17:27:19,536: load_common.py:89 * insert into multithread_qps success!!!
INFO: 2018-05-16 17:27:19,536: load_common.py:86 * start instert the sql
INFO: 2018-05-16 17:27:19,611: load_common.py:89 * insert into multithread_qps success!!!
INFO: 2018-05-16 17:27:19,611: load_common.py:86 * start instert the sql
INFO: 2018-05-16 17:27:19,686: load_common.py:89 * insert into multithread_qps success!!!
INFO: 2018-05-16 17:27:19,687: load_common.py:86 * start instert the sql
INFO: 2018-05-16 17:27:19,778: load_common.py:89 * insert into multithread_qps success!!!
INFO: 2018-05-16 17:27:19,779: load_common.py:86 * start instert the sql
INFO: 2018-05-16 17:27:19,854: load_common.py:89 * insert into multithread_qps success!!!
INFO: 2018-05-16 17:27:19,854: load_common.py:86 * start instert the sql
INFO: 2018-05-16 17:27:19,946: load_common.py:89 * insert into multithread_qps success!!!
INFO: 2018-05-16 17:27:19,946: load_common.py:86 * start instert the sql
INFO: 2018-05-16 17:27:20,021: load_common.py:89 * insert into multithread_qps success!!!
INFO: 2018-05-16 17:27:20,021: load_common.py:86 * start instert the sql
INFO: 2018-05-16 17:27:20,130: load_common.py:89 * insert into multithread_qps success!!!
INFO: 2018-05-16 17:27:20,130: load_common.py:86 * start instert the sql
INFO: 2018-05-16 17:27:20,230: load_common.py:89 * insert into multithread_qps success!!!
INFO: 2018-05-16 17:27:20,230: load_common.py:86 * start instert the sql
INFO: 2018-05-16 17:27:20,314: load_common.py:89 * insert into multithread_qps success!!!
INFO: 2018-05-16 17:27:20,314: load_common.py:86 * start instert the sql
INFO: 2018-05-16 17:27:20,397: load_common.py:89 * insert into multithread_qps success!!!
