top - 10:34:03 up 6 days, 5 min, 14 users,  load average: 1.99, 3.33, 1.66
Tasks:   1 total,   0 running,   1 sleeping,   0 stopped,   0 zombie
Cpu(s):  1.8%us,  0.8%sy,  0.1%ni, 97.2%id,  0.0%wa,  0.0%hi,  0.0%si,  0.0%st
Mem:  198317544k total, 59100048k used, 139217496k free,  1041196k buffers
Swap:        0k total,        0k used,        0k free, 53019240k cached

  PID USER      PR  NI  VIRT  RES  SHR S %CPU %MEM    TIME+  COMMAND            
27702 qa_work   20   0  138m 4032 2680 S  0.0  0.0   0:00.03 vim                


top - 10:34:04 up 6 days, 5 min, 14 users,  load average: 1.99, 3.33, 1.66
Tasks:   1 total,   0 running,   1 sleeping,   0 stopped,   0 zombie
Cpu(s):  4.8%us,  4.2%sy,  0.2%ni, 90.9%id,  0.0%wa,  0.0%hi,  0.0%si,  0.0%st
Mem:  198317544k total, 59359432k used, 138958112k free,  1041196k buffers
Swap:        0k total,        0k used,        0k free, 53100144k cached

  PID USER      PR  NI  VIRT  RES  SHR S %CPU %MEM    TIME+  COMMAND            
27702 qa_work   20   0  138m 4032 2680 S  1.0  0.0   0:00.04 vim                


top - 10:34:05 up 6 days, 5 min, 14 users,  load average: 1.91, 3.29, 1.66
Tasks:   1 total,   0 running,   1 sleeping,   0 stopped,   0 zombie
Cpu(s):  4.6%us,  4.7%sy,  0.1%ni, 90.6%id,  0.0%wa,  0.0%hi,  0.1%si,  0.0%st
Mem:  198317544k total, 59960616k used, 138356928k free,  1041196k buffers
Swap:        0k total,        0k used,        0k free, 53106644k cached

  PID USER      PR  NI  VIRT  RES  SHR S %CPU %MEM    TIME+  COMMAND            
27702 qa_work   20   0  138m 4032 2680 S  0.0  0.0   0:00.04 vim                


top - 10:34:06 up 6 days, 5 min, 14 users,  load average: 1.91, 3.29, 1.66
Tasks:   1 total,   0 running,   1 sleeping,   0 stopped,   0 zombie
Cpu(s):  7.2%us,  1.4%sy,  0.1%ni, 91.2%id,  0.0%wa,  0.0%hi,  0.0%si,  0.0%st
Mem:  198317544k total, 60277384k used, 138040160k free,  1041196k buffers
Swap:        0k total,        0k used,        0k free, 53106944k cached

  PID USER      PR  NI  VIRT  RES  SHR S %CPU %MEM    TIME+  COMMAND            
27702 qa_work   20   0  138m 4040 2688 S  0.0  0.0   0:00.04 vim                


top - 10:34:07 up 6 days, 5 min, 14 users,  load average: 1.91, 3.29, 1.66
Tasks:   1 total,   0 running,   1 sleeping,   0 stopped,   0 zombie
Cpu(s):  8.2%us,  0.5%sy,  0.0%ni, 91.3%id,  0.0%wa,  0.0%hi,  0.0%si,  0.0%st
Mem:  198317544k total, 60340880k used, 137976664k free,  1041196k buffers
Swap:        0k total,        0k used,        0k free, 53106992k cached

  PID USER      PR  NI  VIRT  RES  SHR S %CPU %MEM    TIME+  COMMAND            
27702 qa_work   20   0  138m 4040 2688 S  0.0  0.0   0:00.04 vim                


top - 10:34:08 up 6 days, 5 min, 14 users,  load average: 1.91, 3.29, 1.66
Tasks:   1 total,   0 running,   1 sleeping,   0 stopped,   0 zombie
Cpu(s):  8.6%us,  0.3%sy,  0.0%ni, 91.1%id,  0.0%wa,  0.0%hi,  0.0%si,  0.0%st
Mem:  198317544k total, 60352148k used, 137965396k free,  1041196k buffers
Swap:        0k total,        0k used,        0k free, 53107000k cached

  PID USER      PR  NI  VIRT  RES  SHR S %CPU %MEM    TIME+  COMMAND            
27702 qa_work   20   0  138m 4040 2688 S  1.0  0.0   0:00.05 vim                


top - 10:34:09 up 6 days, 5 min, 14 users,  load average: 1.91, 3.29, 1.66
Tasks:   1 total,   0 running,   1 sleeping,   0 stopped,   0 zombie
Cpu(s):  8.4%us,  0.4%sy,  0.1%ni, 91.0%id,  0.1%wa,  0.0%hi,  0.0%si,  0.0%st
Mem:  198317544k total, 60390108k used, 137927436k free,  1041196k buffers
Swap:        0k total,        0k used,        0k free, 53106980k cached

  PID USER      PR  NI  VIRT  RES  SHR S %CPU %MEM    TIME+  COMMAND            
27702 qa_work   20   0  138m 4040 2688 S  0.0  0.0   0:00.05 vim                


top - 10:34:10 up 6 days, 5 min, 14 users,  load average: 1.84, 3.25, 1.66
Tasks:   1 total,   0 running,   1 sleeping,   0 stopped,   0 zombie
Cpu(s):  8.6%us,  0.8%sy,  0.7%ni, 89.8%id,  0.0%wa,  0.0%hi,  0.0%si,  0.0%st
Mem:  198317544k total, 60414080k used, 137903464k free,  1041196k buffers
Swap:        0k total,        0k used,        0k free, 53106984k cached

  PID USER      PR  NI  VIRT  RES  SHR S %CPU %MEM    TIME+  COMMAND            
27702 qa_work   20   0  138m 4040 2688 S  0.0  0.0   0:00.05 vim                


top - 10:34:11 up 6 days, 5 min, 14 users,  load average: 1.84, 3.25, 1.66
Tasks:   1 total,   0 running,   1 sleeping,   0 stopped,   0 zombie
Cpu(s):  8.5%us,  0.6%sy,  0.0%ni, 90.9%id,  0.0%wa,  0.0%hi,  0.0%si,  0.0%st
Mem:  198317544k total, 60444404k used, 137873140k free,  1041196k buffers
Swap:        0k total,        0k used,        0k free, 53107004k cached

  PID USER      PR  NI  VIRT  RES  SHR S %CPU %MEM    TIME+  COMMAND            
27702 qa_work   20   0  138m 4040 2688 S  1.0  0.0   0:00.06 vim                


top - 10:34:12 up 6 days, 5 min, 14 users,  load average: 1.84, 3.25, 1.66
Tasks:   1 total,   0 running,   1 sleeping,   0 stopped,   0 zombie
Cpu(s):  8.2%us,  0.4%sy,  0.0%ni, 91.3%id,  0.0%wa,  0.0%hi,  0.0%si,  0.0%st
Mem:  198317544k total, 60512132k used, 137805412k free,  1041196k buffers
Swap:        0k total,        0k used,        0k free, 53107024k cached

  PID USER      PR  NI  VIRT  RES  SHR S %CPU %MEM    TIME+  COMMAND            
27702 qa_work   20   0  138m 4040 2688 S  0.0  0.0   0:00.06 vim                


top - 10:34:13 up 6 days, 5 min, 14 users,  load average: 1.84, 3.25, 1.66
Tasks:   1 total,   0 running,   1 sleeping,   0 stopped,   0 zombie
Cpu(s):  8.5%us,  0.2%sy,  0.1%ni, 91.3%id,  0.0%wa,  0.0%hi,  0.0%si,  0.0%st
Mem:  198317544k total, 60515760k used, 137801784k free,  1041196k buffers
Swap:        0k total,        0k used,        0k free, 53107044k cached

  PID USER      PR  NI  VIRT  RES  SHR S %CPU %MEM    TIME+  COMMAND            
27702 qa_work   20   0  138m 4040 2688 S  0.0  0.0   0:00.06 vim                


top - 10:34:14 up 6 days, 5 min, 14 users,  load average: 1.84, 3.25, 1.66
Tasks:   1 total,   0 running,   1 sleeping,   0 stopped,   0 zombie
Cpu(s):  8.5%us,  0.3%sy,  0.0%ni, 91.2%id,  0.0%wa,  0.0%hi,  0.0%si,  0.0%st
Mem:  198317544k total, 60550696k used, 137766848k free,  1041196k buffers
Swap:        0k total,        0k used,        0k free, 53107060k cached

  PID USER      PR  NI  VIRT  RES  SHR S %CPU %MEM    TIME+  COMMAND            
27702 qa_work   20   0  138m 4040 2688 S  0.0  0.0   0:00.06 vim                


top - 10:34:15 up 6 days, 5 min, 14 users,  load average: 1.77, 3.22, 1.65
Tasks:   1 total,   0 running,   1 sleeping,   0 stopped,   0 zombie
Cpu(s):  8.5%us,  0.6%sy,  0.0%ni, 90.8%id,  0.0%wa,  0.0%hi,  0.1%si,  0.0%st
Mem:  198317544k total, 60587644k used, 137729900k free,  1041196k buffers
Swap:        0k total,        0k used,        0k free, 53107072k cached

  PID USER      PR  NI  VIRT  RES  SHR S %CPU %MEM    TIME+  COMMAND            
27702 qa_work   20   0  138m 4040 2688 S  0.0  0.0   0:00.06 vim                


top - 10:34:16 up 6 days, 5 min, 14 users,  load average: 1.77, 3.22, 1.65
Tasks:   1 total,   0 running,   1 sleeping,   0 stopped,   0 zombie
Cpu(s):  8.5%us,  0.3%sy,  0.2%ni, 90.9%id,  0.0%wa,  0.0%hi,  0.0%si,  0.0%st
Mem:  198317544k total, 60618176k used, 137699368k free,  1041196k buffers
Swap:        0k total,        0k used,        0k free, 53107084k cached

  PID USER      PR  NI  VIRT  RES  SHR S %CPU %MEM    TIME+  COMMAND            
27702 qa_work   20   0  138m 4040 2688 S  0.0  0.0   0:00.06 vim                


top - 10:34:17 up 6 days, 5 min, 14 users,  load average: 1.77, 3.22, 1.65
Tasks:   1 total,   0 running,   1 sleeping,   0 stopped,   0 zombie
Cpu(s):  8.1%us,  0.6%sy,  0.0%ni, 91.3%id,  0.0%wa,  0.0%hi,  0.0%si,  0.0%st
Mem:  198317544k total, 60691304k used, 137626240k free,  1041196k buffers
Swap:        0k total,        0k used,        0k free, 53107108k cached

  PID USER      PR  NI  VIRT  RES  SHR S %CPU %MEM    TIME+  COMMAND            
27702 qa_work   20   0  138m 4040 2688 S  0.0  0.0   0:00.06 vim                


top - 10:34:18 up 6 days, 5 min, 14 users,  load average: 1.77, 3.22, 1.65
Tasks:   1 total,   0 running,   1 sleeping,   0 stopped,   0 zombie
Cpu(s):  9.5%us,  0.2%sy,  0.0%ni, 90.3%id,  0.0%wa,  0.0%hi,  0.0%si,  0.0%st
Mem:  198317544k total, 60691088k used, 137626456k free,  1041196k buffers
Swap:        0k total,        0k used,        0k free, 53107132k cached

  PID USER      PR  NI  VIRT  RES  SHR S %CPU %MEM    TIME+  COMMAND            
27702 qa_work   20   0  138m 4040 2688 S  0.0  0.0   0:00.06 vim                


top - 10:34:19 up 6 days, 5 min, 14 users,  load average: 1.77, 3.22, 1.65
Tasks:   1 total,   0 running,   1 sleeping,   0 stopped,   0 zombie
Cpu(s):  8.5%us,  0.4%sy,  0.1%ni, 91.0%id,  0.0%wa,  0.0%hi,  0.0%si,  0.0%st
Mem:  198317544k total, 60724088k used, 137593456k free,  1041196k buffers
Swap:        0k total,        0k used,        0k free, 53107160k cached

  PID USER      PR  NI  VIRT  RES  SHR S %CPU %MEM    TIME+  COMMAND            
27702 qa_work   20   0  138m 4040 2688 S  0.0  0.0   0:00.06 vim                


top - 10:34:20 up 6 days, 5 min, 14 users,  load average: 1.71, 3.18, 1.65
Tasks:   1 total,   0 running,   1 sleeping,   0 stopped,   0 zombie
Cpu(s):  8.4%us,  1.0%sy,  0.7%ni, 89.9%id,  0.0%wa,  0.0%hi,  0.0%si,  0.0%st
Mem:  198317544k total, 60757264k used, 137560280k free,  1041196k buffers
Swap:        0k total,        0k used,        0k free, 53107176k cached

  PID USER      PR  NI  VIRT  RES  SHR S %CPU %MEM    TIME+  COMMAND            
27702 qa_work   20   0  138m 4040 2688 S  0.0  0.0   0:00.06 vim                


top - 10:34:21 up 6 days, 5 min, 14 users,  load average: 1.71, 3.18, 1.65
Tasks:   1 total,   0 running,   1 sleeping,   0 stopped,   0 zombie
Cpu(s):  8.5%us,  0.7%sy,  0.0%ni, 90.8%id,  0.0%wa,  0.0%hi,  0.0%si,  0.0%st
Mem:  198317544k total, 60791264k used, 137526280k free,  1041196k buffers
Swap:        0k total,        0k used,        0k free, 53107188k cached

  PID USER      PR  NI  VIRT  RES  SHR S %CPU %MEM    TIME+  COMMAND            
27702 qa_work   20   0  138m 4048 2696 S  0.0  0.0   0:00.06 vim                

top - 20:42:35 up 14 days, 10:13, 19 users,  load average: 0.16, 0.06, 0.22
Tasks:   1 total,   1 running,   0 sleeping,   0 stopped,   0 zombie
Cpu(s):  2.5%us,  1.0%sy,  0.1%ni, 96.3%id,  0.0%wa,  0.0%hi,  0.0%si,  0.0%st
Mem:  198317544k total, 46701028k used, 151616516k free,  1122932k buffers
Swap:        0k total,        0k used,        0k free, 39272860k cached

  PID USER      PR  NI  VIRT  RES  SHR S %CPU %MEM    TIME+  COMMAND            
 8898 qa_work   20   0  254g 952m 360m R 99.8  0.5   0:12.81 net_exec_test_y    


top - 20:42:36 up 14 days, 10:13, 19 users,  load average: 0.23, 0.07, 0.22
Tasks:   1 total,   1 running,   0 sleeping,   0 stopped,   0 zombie
Cpu(s): 11.3%us,  6.6%sy,  0.2%ni, 81.8%id,  0.0%wa,  0.0%hi,  0.1%si,  0.0%st
Mem:  198317544k total, 47121180k used, 151196364k free,  1122932k buffers
Swap:        0k total,        0k used,        0k free, 39285164k cached

  PID USER      PR  NI  VIRT  RES  SHR S %CPU %MEM    TIME+  COMMAND            
 8898 qa_work   20   0  254g 952m 360m R 99.9  0.5   0:13.81 net_exec_test_y    


top - 20:42:37 up 14 days, 10:13, 19 users,  load average: 0.23, 0.07, 0.22
Tasks:   1 total,   1 running,   0 sleeping,   0 stopped,   0 zombie
Cpu(s): 14.8%us,  4.1%sy,  0.1%ni, 81.0%id,  0.0%wa,  0.0%hi,  0.0%si,  0.0%st
Mem:  198317544k total, 47488680k used, 150828864k free,  1122932k buffers
Swap:        0k total,        0k used,        0k free, 39285328k cached

  PID USER      PR  NI  VIRT  RES  SHR S %CPU %MEM    TIME+  COMMAND            
 8898 qa_work   20   0  254g 952m 360m R 99.9  0.5   0:14.81 net_exec_test_y    


top - 20:42:38 up 14 days, 10:13, 19 users,  load average: 0.23, 0.07, 0.22
Tasks:   1 total,   1 running,   0 sleeping,   0 stopped,   0 zombie
Cpu(s): 13.2%us,  4.5%sy,  0.0%ni, 82.3%id,  0.0%wa,  0.0%hi,  0.0%si,  0.0%st
Mem:  198317544k total, 47488676k used, 150828868k free,  1122932k buffers
Swap:        0k total,        0k used,        0k free, 39285328k cached

  PID USER      PR  NI  VIRT  RES  SHR S %CPU %MEM    TIME+  COMMAND            
 8898 qa_work   20   0  254g 952m 360m R 99.9  0.5   0:15.81 net_exec_test_y    


top - 20:42:39 up 14 days, 10:13, 19 users,  load average: 0.23, 0.07, 0.22
Tasks:   1 total,   1 running,   0 sleeping,   0 stopped,   0 zombie
Cpu(s): 13.6%us,  3.8%sy,  0.1%ni, 82.4%id,  0.0%wa,  0.0%hi,  0.1%si,  0.0%st
Mem:  198317544k total, 47488412k used, 150829132k free,  1122932k buffers
Swap:        0k total,        0k used,        0k free, 39285336k cached

  PID USER      PR  NI  VIRT  RES  SHR S %CPU %MEM    TIME+  COMMAND            
 8898 qa_work   20   0  254g 952m 360m R 99.9  0.5   0:16.81 net_exec_test_y    


top - 20:42:40 up 14 days, 10:13, 19 users,  load average: 0.23, 0.07, 0.22
Tasks:   1 total,   1 running,   0 sleeping,   0 stopped,   0 zombie
Cpu(s): 13.9%us,  4.0%sy,  0.4%ni, 81.7%id,  0.0%wa,  0.0%hi,  0.0%si,  0.0%st
Mem:  198317544k total, 47492864k used, 150824680k free,  1122936k buffers
Swap:        0k total,        0k used,        0k free, 39285332k cached

  PID USER      PR  NI  VIRT  RES  SHR S %CPU %MEM    TIME+  COMMAND            
 8898 qa_work   20   0  254g 952m 360m R 99.9  0.5   0:17.81 net_exec_test_y    


top - 20:42:41 up 14 days, 10:13, 19 users,  load average: 0.37, 0.11, 0.23
Tasks:   1 total,   1 running,   0 sleeping,   0 stopped,   0 zombie
Cpu(s): 15.7%us,  2.2%sy,  0.2%ni, 82.0%id,  0.0%wa,  0.0%hi,  0.0%si,  0.0%st
Mem:  198317544k total, 47509572k used, 150807972k free,  1122936k buffers
Swap:        0k total,        0k used,        0k free, 39292984k cached

  PID USER      PR  NI  VIRT  RES  SHR S %CPU %MEM    TIME+  COMMAND            
 8898 qa_work   20   0  254g 952m 360m R 99.9  0.5   0:18.81 net_exec_test_y    


top - 20:42:42 up 14 days, 10:13, 19 users,  load average: 0.37, 0.11, 0.23
Tasks:   1 total,   1 running,   0 sleeping,   0 stopped,   0 zombie
Cpu(s): 17.1%us,  3.0%sy,  0.1%ni, 79.8%id,  0.0%wa,  0.0%hi,  0.0%si,  0.0%st
Mem:  198317544k total, 47520732k used, 150796812k free,  1122936k buffers
Swap:        0k total,        0k used,        0k free, 39304640k cached

  PID USER      PR  NI  VIRT  RES  SHR S %CPU %MEM    TIME+  COMMAND            
 8898 qa_work   20   0  254g 952m 360m R 99.9  0.5   0:19.81 net_exec_test_y    


top - 20:42:43 up 14 days, 10:13, 19 users,  load average: 0.37, 0.11, 0.23
Tasks:   1 total,   1 running,   0 sleeping,   0 stopped,   0 zombie
Cpu(s): 15.8%us,  1.9%sy,  0.0%ni, 82.2%id,  0.0%wa,  0.0%hi,  0.0%si,  0.0%st
Mem:  198317544k total, 47533256k used, 150784288k free,  1122936k buffers
Swap:        0k total,        0k used,        0k free, 39316208k cached

  PID USER      PR  NI  VIRT  RES  SHR S %CPU %MEM    TIME+  COMMAND            
 8898 qa_work   20   0  254g 952m 360m R 98.9  0.5   0:20.80 net_exec_test_y    


top - 20:42:44 up 14 days, 10:13, 19 users,  load average: 0.37, 0.11, 0.23
Tasks:   1 total,   1 running,   0 sleeping,   0 stopped,   0 zombie
Cpu(s): 15.8%us,  2.2%sy,  0.0%ni, 81.9%id,  0.0%wa,  0.0%hi,  0.0%si,  0.0%st
Mem:  198317544k total, 47543508k used, 150774036k free,  1122936k buffers
Swap:        0k total,        0k used,        0k free, 39326176k cached

  PID USER      PR  NI  VIRT  RES  SHR S %CPU %MEM    TIME+  COMMAND            
 8898 qa_work   20   0  254g 952m 360m R 100.9  0.5   0:21.81 net_exec_test_y   


top - 20:42:45 up 14 days, 10:13, 19 users,  load average: 0.37, 0.11, 0.23
Tasks:   1 total,   1 running,   0 sleeping,   0 stopped,   0 zombie
Cpu(s): 15.4%us,  2.3%sy,  0.1%ni, 82.2%id,  0.0%wa,  0.0%hi,  0.0%si,  0.0%st
Mem:  198317544k total, 47554544k used, 150763000k free,  1122940k buffers
Swap:        0k total,        0k used,        0k free, 39337240k cached

  PID USER      PR  NI  VIRT  RES  SHR S %CPU %MEM    TIME+  COMMAND            
 8898 qa_work   20   0  254g 952m 360m R 98.9  0.5   0:22.80 net_exec_test_y    


top - 20:42:46 up 14 days, 10:13, 19 users,  load average: 0.50, 0.14, 0.24
Tasks:   1 total,   1 running,   0 sleeping,   0 stopped,   0 zombie
Cpu(s): 12.6%us,  5.1%sy,  0.1%ni, 82.3%id,  0.0%wa,  0.0%hi,  0.0%si,  0.0%st
Mem:  198317544k total, 47865164k used, 150452380k free,  1122940k buffers
Swap:        0k total,        0k used,        0k free, 39290108k cached

  PID USER      PR  NI  VIRT  RES  SHR S %CPU %MEM    TIME+  COMMAND            
 8898 qa_work   20   0  254g 1.3g 360m R 100.9  0.7   0:23.81 net_exec_test_y   


top - 20:42:47 up 14 days, 10:14, 19 users,  load average: 0.50, 0.14, 0.24
Tasks:   1 total,   1 running,   0 sleeping,   0 stopped,   0 zombie
Cpu(s): 15.3%us,  1.8%sy,  0.0%ni, 82.8%id,  0.0%wa,  0.0%hi,  0.1%si,  0.0%st
Mem:  198317544k total, 47891688k used, 150425856k free,  1122940k buffers
Swap:        0k total,        0k used,        0k free, 39313628k cached

  PID USER      PR  NI  VIRT  RES  SHR S %CPU %MEM    TIME+  COMMAND            
 8898 qa_work   20   0  254g 1.3g 360m R 97.9  0.7   0:24.79 net_exec_test_y    


top - 20:42:48 up 14 days, 10:14, 19 users,  load average: 0.50, 0.14, 0.24
Tasks:   0 total,   0 running,   0 sleeping,   0 stopped,   0 zombie
Cpu(s): 11.9%us,  3.7%sy,  0.1%ni, 84.2%id,  0.0%wa,  0.0%hi,  0.1%si,  0.0%st
Mem:  198317544k total, 46612792k used, 151704752k free,  1122944k buffers
Swap:        0k total,        0k used,        0k free, 39295640k cached

  PID USER      PR  NI  VIRT  RES  SHR S %CPU %MEM    TIME+  COMMAND            


top - 20:42:49 up 14 days, 10:14, 19 users,  load average: 0.50, 0.14, 0.24
Tasks:   0 total,   0 running,   0 sleeping,   0 stopped,   0 zombie
Cpu(s): 15.8%us,  0.7%sy,  0.1%ni, 83.1%id,  0.0%wa,  0.0%hi,  0.2%si,  0.0%st
Mem:  198317544k total, 46642172k used, 151675372k free,  1122944k buffers
Swap:        0k total,        0k used,        0k free, 39317996k cached

  PID USER      PR  NI  VIRT  RES  SHR S %CPU %MEM    TIME+  COMMAND            


top - 20:42:50 up 14 days, 10:14, 19 users,  load average: 0.50, 0.14, 0.24
Tasks:   0 total,   0 running,   0 sleeping,   0 stopped,   0 zombie
Cpu(s): 14.9%us,  1.3%sy,  0.5%ni, 83.1%id,  0.0%wa,  0.0%hi,  0.2%si,  0.0%st
Mem:  198317544k total, 46678784k used, 151638760k free,  1122944k buffers
Swap:        0k total,        0k used,        0k free, 39334016k cached

  PID USER      PR  NI  VIRT  RES  SHR S %CPU %MEM    TIME+  COMMAND            


top - 20:42:51 up 14 days, 10:14, 19 users,  load average: 0.54, 0.15, 0.25
Tasks:   0 total,   0 running,   0 sleeping,   0 stopped,   0 zombie
Cpu(s): 12.6%us,  1.6%sy,  0.3%ni, 84.9%id,  0.0%wa,  0.0%hi,  0.6%si,  0.0%st
Mem:  198317544k total, 46725260k used, 151592284k free,  1122944k buffers
Swap:        0k total,        0k used,        0k free, 39345972k cached

  PID USER      PR  NI  VIRT  RES  SHR S %CPU %MEM    TIME+  COMMAND            


top - 20:42:52 up 14 days, 10:14, 19 users,  load average: 0.54, 0.15, 0.25
Tasks:   0 total,   0 running,   0 sleeping,   0 stopped,   0 zombie
Cpu(s): 14.8%us,  2.2%sy,  0.0%ni, 82.9%id,  0.0%wa,  0.0%hi,  0.1%si,  0.0%st
Mem:  198317544k total, 46744504k used, 151573040k free,  1122944k buffers
Swap:        0k total,        0k used,        0k free, 39360096k cached

  PID USER      PR  NI  VIRT  RES  SHR S %CPU %MEM    TIME+  COMMAND            


top - 20:42:53 up 14 days, 10:14, 19 users,  load average: 0.54, 0.15, 0.25
Tasks:   0 total,   0 running,   0 sleeping,   0 stopped,   0 zombie
Cpu(s): 10.2%us,  6.2%sy,  0.1%ni, 83.6%id,  0.0%wa,  0.0%hi,  0.0%si,  0.0%st
Mem:  198317544k total, 45730196k used, 152587348k free,  1122944k buffers
Swap:        0k total,        0k used,        0k free, 39338680k cached

  PID USER      PR  NI  VIRT  RES  SHR S %CPU %MEM    TIME+  COMMAND            


top - 20:42:54 up 14 days, 10:14, 19 users,  load average: 0.54, 0.15, 0.25
Tasks:   0 total,   0 running,   0 sleeping,   0 stopped,   0 zombie
Cpu(s):  9.2%us,  0.4%sy,  0.1%ni, 89.4%id,  0.9%wa,  0.0%hi,  0.0%si,  0.0%st
Mem:  198317544k total, 45746952k used, 152570592k free,  1123080k buffers
Swap:        0k total,        0k used,        0k free, 39354172k cached

  PID USER      PR  NI  VIRT  RES  SHR S %CPU %MEM    TIME+  COMMAND            


top - 20:42:55 up 14 days, 10:14, 19 users,  load average: 0.54, 0.15, 0.25
Tasks:   0 total,   0 running,   0 sleeping,   0 stopped,   0 zombie
Cpu(s):  8.7%us,  0.6%sy,  0.0%ni, 90.0%id,  0.8%wa,  0.0%hi,  0.0%si,  0.0%st
Mem:  198317544k total, 45766348k used, 152551196k free,  1123092k buffers
Swap:        0k total,        0k used,        0k free, 39370568k cached

  PID USER      PR  NI  VIRT  RES  SHR S %CPU %MEM    TIME+  COMMAND            


top - 20:42:56 up 14 days, 10:14, 19 users,  load average: 0.58, 0.17, 0.25
Tasks:   0 total,   0 running,   0 sleeping,   0 stopped,   0 zombie
Cpu(s):  8.4%us,  0.8%sy,  0.2%ni, 90.5%id,  0.0%wa,  0.0%hi,  0.1%si,  0.0%st
Mem:  198317544k total, 45752040k used, 152565504k free,  1123092k buffers
Swap:        0k total,        0k used,        0k free, 39377132k cached

  PID USER      PR  NI  VIRT  RES  SHR S %CPU %MEM    TIME+  COMMAND            


top - 20:42:57 up 14 days, 10:14, 19 users,  load average: 0.58, 0.17, 0.25
Tasks:   0 total,   0 running,   0 sleeping,   0 stopped,   0 zombie
Cpu(s):  7.6%us,  1.1%sy,  0.2%ni, 91.2%id,  0.0%wa,  0.0%hi,  0.0%si,  0.0%st
Mem:  198317544k total, 45765788k used, 152551756k free,  1123092k buffers
Swap:        0k total,        0k used,        0k free, 39438244k cached

  PID USER      PR  NI  VIRT  RES  SHR S %CPU %MEM    TIME+  COMMAND            


top - 20:42:58 up 14 days, 10:14, 19 users,  load average: 0.58, 0.17, 0.25
Tasks:   0 total,   0 running,   0 sleeping,   0 stopped,   0 zombie
Cpu(s):  3.1%us,  0.7%sy,  0.1%ni, 95.9%id,  0.2%wa,  0.0%hi,  0.0%si,  0.0%st
Mem:  198317544k total, 45827128k used, 152490416k free,  1123092k buffers
Swap:        0k total,        0k used,        0k free, 39499152k cached

  PID USER      PR  NI  VIRT  RES  SHR S %CPU %MEM    TIME+  COMMAND            


top - 20:42:59 up 14 days, 10:14, 19 users,  load average: 0.58, 0.17, 0.25
Tasks:   0 total,   0 running,   0 sleeping,   0 stopped,   0 zombie
Cpu(s):  0.3%us,  0.2%sy,  0.0%ni, 99.4%id,  0.0%wa,  0.0%hi,  0.0%si,  0.0%st
Mem:  198317544k total, 45827112k used, 152490432k free,  1123092k buffers
Swap:        0k total,        0k used,        0k free, 39499112k cached

  PID USER      PR  NI  VIRT  RES  SHR S %CPU %MEM    TIME+  COMMAND            


top - 20:43:00 up 14 days, 10:14, 19 users,  load average: 0.58, 0.17, 0.25
Tasks:   0 total,   0 running,   0 sleeping,   0 stopped,   0 zombie
Cpu(s):  0.2%us,  0.8%sy,  0.5%ni, 98.6%id,  0.0%wa,  0.0%hi,  0.0%si,  0.0%st
Mem:  198317544k total, 45829480k used, 152488064k free,  1123096k buffers
Swap:        0k total,        0k used,        0k free, 39499116k cached

  PID USER      PR  NI  VIRT  RES  SHR S %CPU %MEM    TIME+  COMMAND            


top - 20:43:01 up 14 days, 10:14, 19 users,  load average: 0.53, 0.16, 0.25
Tasks:   0 total,   0 running,   0 sleeping,   0 stopped,   0 zombie
Cpu(s):  0.9%us,  0.5%sy,  0.2%ni, 98.4%id,  0.0%wa,  0.0%hi,  0.0%si,  0.0%st
Mem:  198317544k total, 45828968k used, 152488576k free,  1123096k buffers
Swap:        0k total,        0k used,        0k free, 39499148k cached

  PID USER      PR  NI  VIRT  RES  SHR S %CPU %MEM    TIME+  COMMAND            


top - 20:43:02 up 14 days, 10:14, 19 users,  load average: 0.53, 0.16, 0.25
Tasks:   0 total,   0 running,   0 sleeping,   0 stopped,   0 zombie
Cpu(s):  0.4%us,  0.2%sy,  0.1%ni, 99.2%id,  0.0%wa,  0.0%hi,  0.1%si,  0.0%st
Mem:  198317544k total, 45829092k used, 152488452k free,  1123096k buffers
Swap:        0k total,        0k used,        0k free, 39499372k cached

  PID USER      PR  NI  VIRT  RES  SHR S %CPU %MEM    TIME+  COMMAND            


top - 20:43:03 up 14 days, 10:14, 19 users,  load average: 0.53, 0.16, 0.25
Tasks:   0 total,   0 running,   0 sleeping,   0 stopped,   0 zombie
Cpu(s):  0.2%us,  0.2%sy,  0.0%ni, 99.5%id,  0.0%wa,  0.0%hi,  0.0%si,  0.0%st
Mem:  198317544k total, 45828472k used, 152489072k free,  1123096k buffers
Swap:        0k total,        0k used,        0k free, 39499408k cached

  PID USER      PR  NI  VIRT  RES  SHR S %CPU %MEM    TIME+  COMMAND            


top - 20:43:04 up 14 days, 10:14, 19 users,  load average: 0.53, 0.16, 0.25
Tasks:   0 total,   0 running,   0 sleeping,   0 stopped,   0 zombie
Cpu(s):  0.2%us,  0.2%sy,  0.1%ni, 99.5%id,  0.0%wa,  0.0%hi,  0.0%si,  0.0%st
Mem:  198317544k total, 45828468k used, 152489076k free,  1123096k buffers
Swap:        0k total,        0k used,        0k free, 39499408k cached

  PID USER      PR  NI  VIRT  RES  SHR S %CPU %MEM    TIME+  COMMAND            


top - 20:43:05 up 14 days, 10:14, 19 users,  load average: 0.53, 0.16, 0.25
Tasks:   0 total,   0 running,   0 sleeping,   0 stopped,   0 zombie
Cpu(s):  0.2%us,  0.6%sy,  0.0%ni, 99.2%id,  0.0%wa,  0.0%hi,  0.0%si,  0.0%st
Mem:  198317544k total, 45828104k used, 152489440k free,  1123096k buffers
Swap:        0k total,        0k used,        0k free, 39499416k cached

  PID USER      PR  NI  VIRT  RES  SHR S %CPU %MEM    TIME+  COMMAND            


top - 20:43:06 up 14 days, 10:14, 19 users,  load average: 0.49, 0.16, 0.25
Tasks:   0 total,   0 running,   0 sleeping,   0 stopped,   0 zombie
Cpu(s):  0.2%us,  0.2%sy,  0.1%ni, 99.4%id,  0.0%wa,  0.0%hi,  0.0%si,  0.0%st
Mem:  198317544k total, 45828352k used, 152489192k free,  1123100k buffers
Swap:        0k total,        0k used,        0k free, 39499420k cached

  PID USER      PR  NI  VIRT  RES  SHR S %CPU %MEM    TIME+  COMMAND            


top - 20:43:07 up 14 days, 10:14, 19 users,  load average: 0.49, 0.16, 0.25
Tasks:   0 total,   0 running,   0 sleeping,   0 stopped,   0 zombie
Cpu(s):  0.4%us,  1.5%sy,  0.1%ni, 98.0%id,  0.0%wa,  0.0%hi,  0.0%si,  0.0%st
Mem:  198317544k total, 45828824k used, 152488720k free,  1123100k buffers
Swap:        0k total,        0k used,        0k free, 39499440k cached

  PID USER      PR  NI  VIRT  RES  SHR S %CPU %MEM    TIME+  COMMAND            


top - 20:43:08 up 14 days, 10:14, 19 users,  load average: 0.49, 0.16, 0.25
Tasks:   0 total,   0 running,   0 sleeping,   0 stopped,   0 zombie
Cpu(s):  0.3%us,  1.2%sy,  0.1%ni, 98.3%id,  0.0%wa,  0.0%hi,  0.1%si,  0.0%st
Mem:  198317544k total, 45829568k used, 152487976k free,  1123100k buffers
Swap:        0k total,        0k used,        0k free, 39499460k cached

  PID USER      PR  NI  VIRT  RES  SHR S %CPU %MEM    TIME+  COMMAND            


top - 20:43:09 up 14 days, 10:14, 19 users,  load average: 0.49, 0.16, 0.25
Tasks:   0 total,   0 running,   0 sleeping,   0 stopped,   0 zombie
Cpu(s):  0.8%us,  1.6%sy,  0.0%ni, 97.6%id,  0.0%wa,  0.0%hi,  0.0%si,  0.0%st
Mem:  198317544k total, 45830776k used, 152486768k free,  1123100k buffers
Swap:        0k total,        0k used,        0k free, 39499472k cached

  PID USER      PR  NI  VIRT  RES  SHR S %CPU %MEM    TIME+  COMMAND            


top - 20:43:10 up 14 days, 10:14, 19 users,  load average: 0.49, 0.16, 0.25
Tasks:   0 total,   0 running,   0 sleeping,   0 stopped,   0 zombie
Cpu(s):  0.3%us,  1.5%sy,  0.6%ni, 97.6%id,  0.0%wa,  0.0%hi,  0.0%si,  0.0%st
Mem:  198317544k total, 45830616k used, 152486928k free,  1123100k buffers
Swap:        0k total,        0k used,        0k free, 39499448k cached

  PID USER      PR  NI  VIRT  RES  SHR S %CPU %MEM    TIME+  COMMAND            
top - 21:17:35 up 14 days, 10:48, 20 users,  load average: 1.11, 1.85, 1.36
Tasks:   1 total,   0 running,   1 sleeping,   0 stopped,   0 zombie
Cpu(s):  2.5%us,  1.0%sy,  0.1%ni, 96.3%id,  0.0%wa,  0.0%hi,  0.0%si,  0.0%st
Mem:  198317544k total, 65222840k used, 133094704k free,  1125540k buffers
Swap:        0k total,        0k used,        0k free, 58072512k cached

  PID USER      PR  NI  VIRT  RES  SHR S %CPU %MEM    TIME+  COMMAND            
 8388 qa_work   20   0  138m 4104 2732 S  0.0  0.0   0:00.03 vim                


top - 21:17:38 up 14 days, 10:48, 20 users,  load average: 1.18, 1.85, 1.36
Tasks:   1 total,   0 running,   1 sleeping,   0 stopped,   0 zombie
Cpu(s):  5.6%us,  3.9%sy,  0.1%ni, 90.3%id,  0.0%wa,  0.0%hi,  0.0%si,  0.0%st
Mem:  198317544k total, 66048936k used, 132268608k free,  1125544k buffers
Swap:        0k total,        0k used,        0k free, 58101672k cached

  PID USER      PR  NI  VIRT  RES  SHR S %CPU %MEM    TIME+  COMMAND            
 8388 qa_work   20   0  138m 4104 2732 S  0.0  0.0   0:00.03 vim                


top - 21:17:41 up 14 days, 10:48, 20 users,  load average: 1.16, 1.84, 1.36
Tasks:   1 total,   0 running,   1 sleeping,   0 stopped,   0 zombie
Cpu(s):  7.5%us,  2.4%sy,  0.2%ni, 89.9%id,  0.0%wa,  0.0%hi,  0.0%si,  0.0%st
Mem:  198317544k total, 63581624k used, 134735920k free,  1125544k buffers
Swap:        0k total,        0k used,        0k free, 55691776k cached

  PID USER      PR  NI  VIRT  RES  SHR S %CPU %MEM    TIME+  COMMAND            
 8388 qa_work   20   0  138m 4104 2732 S  0.0  0.0   0:00.03 vim                


top - 21:17:44 up 14 days, 10:48, 20 users,  load average: 1.16, 1.84, 1.36
Tasks:   1 total,   0 running,   1 sleeping,   0 stopped,   0 zombie
Cpu(s):  8.4%us,  1.1%sy,  0.0%ni, 90.5%id,  0.0%wa,  0.0%hi,  0.0%si,  0.0%st
Mem:  198317544k total, 63609440k used, 134708104k free,  1125544k buffers
Swap:        0k total,        0k used,        0k free, 55718328k cached

  PID USER      PR  NI  VIRT  RES  SHR S %CPU %MEM    TIME+  COMMAND            
 8388 qa_work   20   0  138m 4104 2732 S  0.0  0.0   0:00.03 vim                


top - 21:17:47 up 14 days, 10:49, 20 users,  load average: 1.15, 1.82, 1.36
Tasks:   1 total,   0 running,   1 sleeping,   0 stopped,   0 zombie
Cpu(s):  8.2%us,  1.4%sy,  0.1%ni, 90.3%id,  0.0%wa,  0.0%hi,  0.0%si,  0.0%st
Mem:  198317544k total, 63633356k used, 134684188k free,  1125544k buffers
Swap:        0k total,        0k used,        0k free, 55740380k cached

  PID USER      PR  NI  VIRT  RES  SHR S %CPU %MEM    TIME+  COMMAND            
 8388 qa_work   20   0  138m 4104 2732 S  0.0  0.0   0:00.03 vim                


top - 21:17:50 up 14 days, 10:49, 20 users,  load average: 1.15, 1.82, 1.36
Tasks:   1 total,   0 running,   1 sleeping,   0 stopped,   0 zombie
Cpu(s):  8.4%us,  1.1%sy,  0.2%ni, 90.3%id,  0.0%wa,  0.0%hi,  0.0%si,  0.0%st
Mem:  198317544k total, 63661576k used, 134655968k free,  1125544k buffers
Swap:        0k total,        0k used,        0k free, 55769916k cached

  PID USER      PR  NI  VIRT  RES  SHR S %CPU %MEM    TIME+  COMMAND            
 8388 qa_work   20   0  138m 4104 2732 S  0.0  0.0   0:00.03 vim                


top - 21:17:53 up 14 days, 10:49, 20 users,  load average: 1.14, 1.81, 1.36
Tasks:   1 total,   0 running,   1 sleeping,   0 stopped,   0 zombie
Cpu(s):  7.6%us,  1.3%sy,  0.0%ni, 91.1%id,  0.0%wa,  0.0%hi,  0.0%si,  0.0%st
Mem:  198317544k total, 63680096k used, 134637448k free,  1125544k buffers
Swap:        0k total,        0k used,        0k free, 55788640k cached

  PID USER      PR  NI  VIRT  RES  SHR S %CPU %MEM    TIME+  COMMAND            
 8388 qa_work   20   0  138m 4104 2732 S  0.0  0.0   0:00.03 vim                


top - 21:17:56 up 14 days, 10:49, 20 users,  load average: 1.13, 1.80, 1.35
Tasks:   1 total,   0 running,   1 sleeping,   0 stopped,   0 zombie
Cpu(s):  8.4%us,  0.6%sy,  0.1%ni, 90.9%id,  0.0%wa,  0.0%hi,  0.0%si,  0.0%st
Mem:  198317544k total, 63714476k used, 134603068k free,  1125544k buffers
Swap:        0k total,        0k used,        0k free, 55821884k cached

  PID USER      PR  NI  VIRT  RES  SHR S %CPU %MEM    TIME+  COMMAND            
 8388 qa_work   20   0  138m 4108 2736 S  0.3  0.0   0:00.04 vim                


top - 21:17:59 up 14 days, 10:49, 20 users,  load average: 1.13, 1.80, 1.35
Tasks:   1 total,   0 running,   1 sleeping,   0 stopped,   0 zombie
Cpu(s):  7.4%us,  1.9%sy,  0.1%ni, 90.6%id,  0.0%wa,  0.0%hi,  0.0%si,  0.0%st
Mem:  198317544k total, 63729704k used, 134587840k free,  1125548k buffers
Swap:        0k total,        0k used,        0k free, 55836540k cached

  PID USER      PR  NI  VIRT  RES  SHR S %CPU %MEM    TIME+  COMMAND            
 8388 qa_work   20   0  138m 4108 2736 S  0.0  0.0   0:00.04 vim                


top - 21:18:02 up 14 days, 10:49, 20 users,  load average: 1.12, 1.78, 1.35
Tasks:   1 total,   0 running,   1 sleeping,   0 stopped,   0 zombie
Cpu(s):  8.5%us,  0.7%sy,  0.2%ni, 90.6%id,  0.0%wa,  0.0%hi,  0.0%si,  0.0%st
Mem:  198317544k total, 63765456k used, 134552088k free,  1125548k buffers
Swap:        0k total,        0k used,        0k free, 55871240k cached

  PID USER      PR  NI  VIRT  RES  SHR S %CPU %MEM    TIME+  COMMAND            
 8388 qa_work   20   0  138m 4108 2736 S  0.0  0.0   0:00.04 vim                


top - 21:18:05 up 14 days, 10:49, 20 users,  load average: 1.12, 1.78, 1.35
Tasks:   1 total,   0 running,   1 sleeping,   0 stopped,   0 zombie
Cpu(s):  7.7%us,  1.6%sy,  0.1%ni, 90.7%id,  0.0%wa,  0.0%hi,  0.0%si,  0.0%st
Mem:  198317544k total, 63779852k used, 134537692k free,  1125552k buffers
Swap:        0k total,        0k used,        0k free, 55885160k cached

  PID USER      PR  NI  VIRT  RES  SHR S %CPU %MEM    TIME+  COMMAND            
 8388 qa_work   20   0  138m 4108 2736 S  0.0  0.0   0:00.04 vim                


top - 21:18:08 up 14 days, 10:49, 20 users,  load average: 1.11, 1.77, 1.35
Tasks:   1 total,   0 running,   1 sleeping,   0 stopped,   0 zombie
Cpu(s):  8.5%us,  0.5%sy,  0.1%ni, 90.9%id,  0.0%wa,  0.0%hi,  0.0%si,  0.0%st
Mem:  198317544k total, 63815788k used, 134501756k free,  1125552k buffers
Swap:        0k total,        0k used,        0k free, 55919924k cached

  PID USER      PR  NI  VIRT  RES  SHR S %CPU %MEM    TIME+  COMMAND            
 8388 qa_work   20   0  138m 4124 2736 S  0.0  0.0   0:00.04 vim                


top - 21:18:11 up 14 days, 10:49, 20 users,  load average: 1.10, 1.76, 1.35
Tasks:   1 total,   0 running,   1 sleeping,   0 stopped,   0 zombie
Cpu(s):  7.7%us,  2.0%sy,  0.2%ni, 90.1%id,  0.0%wa,  0.0%hi,  0.0%si,  0.0%st
Mem:  198317544k total, 63831364k used, 134486180k free,  1125556k buffers
Swap:        0k total,        0k used,        0k free, 55934936k cached

  PID USER      PR  NI  VIRT  RES  SHR S %CPU %MEM    TIME+  COMMAND            
 8388 qa_work   20   0  138m 4124 2736 S  0.0  0.0   0:00.04 vim                


top - 21:18:14 up 14 days, 10:49, 20 users,  load average: 1.10, 1.76, 1.35
Tasks:   1 total,   0 running,   1 sleeping,   0 stopped,   0 zombie
Cpu(s):  8.4%us,  0.4%sy,  0.0%ni, 91.2%id,  0.0%wa,  0.0%hi,  0.0%si,  0.0%st
Mem:  198317544k total, 63862952k used, 134454592k free,  1125556k buffers
Swap:        0k total,        0k used,        0k free, 55968188k cached

  PID USER      PR  NI  VIRT  RES  SHR S %CPU %MEM    TIME+  COMMAND            
 8388 qa_work   20   0  138m 4124 2736 S  0.3  0.0   0:00.05 vim                


top - 21:18:17 up 14 days, 10:49, 20 users,  load average: 1.17, 1.76, 1.35
Tasks:   1 total,   0 running,   1 sleeping,   0 stopped,   0 zombie
Cpu(s): 10.1%us,  4.5%sy,  0.1%ni, 85.1%id,  0.0%wa,  0.0%hi,  0.1%si,  0.0%st
Mem:  198317544k total, 64775180k used, 133542364k free,  1125556k buffers
Swap:        0k total,        0k used,        0k free, 56018604k cached

  PID USER      PR  NI  VIRT  RES  SHR S %CPU %MEM    TIME+  COMMAND            
 8388 qa_work   20   0  138m 4124 2736 S  0.0  0.0   0:00.05 vim                


top - 21:18:20 up 14 days, 10:49, 20 users,  load average: 1.17, 1.76, 1.35
Tasks:   1 total,   0 running,   1 sleeping,   0 stopped,   0 zombie
Cpu(s): 16.7%us,  0.8%sy,  0.2%ni, 82.3%id,  0.0%wa,  0.0%hi,  0.0%si,  0.0%st
Mem:  198317544k total, 64845340k used, 133472204k free,  1125556k buffers
Swap:        0k total,        0k used,        0k free, 56051160k cached

  PID USER      PR  NI  VIRT  RES  SHR S %CPU %MEM    TIME+  COMMAND            
 8388 qa_work   20   0  138m 4124 2736 S  0.0  0.0   0:00.05 vim                


top - 21:18:23 up 14 days, 10:49, 20 users,  load average: 1.24, 1.76, 1.36
Tasks:   1 total,   0 running,   1 sleeping,   0 stopped,   0 zombie
Cpu(s): 15.3%us,  2.0%sy,  0.0%ni, 82.7%id,  0.0%wa,  0.0%hi,  0.0%si,  0.0%st
Mem:  198317544k total, 64857636k used, 133459908k free,  1125560k buffers
Swap:        0k total,        0k used,        0k free, 56065316k cached

  PID USER      PR  NI  VIRT  RES  SHR S %CPU %MEM    TIME+  COMMAND            
 8388 qa_work   20   0  138m 4124 2736 S  0.0  0.0   0:00.05 vim                


top - 21:18:26 up 14 days, 10:49, 20 users,  load average: 1.30, 1.77, 1.36
Tasks:   1 total,   0 running,   1 sleeping,   0 stopped,   0 zombie
Cpu(s): 16.1%us,  1.2%sy,  0.1%ni, 82.6%id,  0.0%wa,  0.0%hi,  0.0%si,  0.0%st
Mem:  198317544k total, 64873232k used, 133444312k free,  1125560k buffers
Swap:        0k total,        0k used,        0k free, 56081520k cached

  PID USER      PR  NI  VIRT  RES  SHR S %CPU %MEM    TIME+  COMMAND            
 8388 qa_work   20   0  138m 4124 2736 S  0.0  0.0   0:00.05 vim                


top - 21:18:29 up 14 days, 10:49, 20 users,  load average: 1.30, 1.77, 1.36
Tasks:   1 total,   0 running,   1 sleeping,   0 stopped,   0 zombie
Cpu(s): 17.0%us,  0.5%sy,  0.1%ni, 82.5%id,  0.0%wa,  0.0%hi,  0.0%si,  0.0%st
Mem:  198317544k total, 64909396k used, 133408148k free,  1125560k buffers
Swap:        0k total,        0k used,        0k free, 56116616k cached

  PID USER      PR  NI  VIRT  RES  SHR S %CPU %MEM    TIME+  COMMAND            
 8388 qa_work   20   0  138m 4124 2736 S  0.0  0.0   0:00.05 vim                


top - 21:18:32 up 14 days, 10:49, 20 users,  load average: 1.35, 1.77, 1.36
Tasks:   1 total,   0 running,   1 sleeping,   0 stopped,   0 zombie
Cpu(s): 14.7%us,  2.9%sy,  0.2%ni, 82.2%id,  0.0%wa,  0.0%hi,  0.1%si,  0.0%st
Mem:  198317544k total, 64910880k used, 133406664k free,  1125560k buffers
Swap:        0k total,        0k used,        0k free, 56117512k cached

  PID USER      PR  NI  VIRT  RES  SHR S %CPU %MEM    TIME+  COMMAND            
 8388 qa_work   20   0  138m 4128 2740 S  0.0  0.0   0:00.05 vim                


top - 21:18:35 up 14 days, 10:49, 20 users,  load average: 1.35, 1.77, 1.36
Tasks:   1 total,   0 running,   1 sleeping,   0 stopped,   0 zombie
Cpu(s): 14.5%us,  1.4%sy,  0.1%ni, 84.1%id,  0.0%wa,  0.0%hi,  0.0%si,  0.0%st
Mem:  198317544k total, 63981412k used, 134336132k free,  1125564k buffers
Swap:        0k total,        0k used,        0k free, 56101544k cached

  PID USER      PR  NI  VIRT  RES  SHR S %CPU %MEM    TIME+  COMMAND            
 8388 qa_work   20   0  138m 4128 2740 S  0.0  0.0   0:00.05 vim                

